c:\users\andre\documents\programacion\c++\sandboxgame\sandboxgame\x64\debug\vc142.pdb
c:\users\andre\documents\programacion\c++\sandboxgame\sandboxgame\x64\debug\vc142.idb
c:\users\andre\documents\programacion\c++\sandboxgame\sandboxgame\x64\debug\principal.obj
c:\users\andre\documents\programacion\c++\sandboxgame\sandboxgame\x64\debug\naturaleza.obj
c:\users\andre\documents\programacion\c++\sandboxgame\sandboxgame\x64\debug\mapa.obj
c:\users\andre\documents\programacion\c++\sandboxgame\sandboxgame\x64\debug\jugador.obj
c:\users\andre\documents\programacion\c++\sandboxgame\sandboxgame\x64\debug\entidad.obj
c:\users\andre\documents\programacion\c++\sandboxgame\sandboxgame\x64\debug\enemigo.obj
c:\users\andre\documents\programacion\c++\sandboxgame\sandboxgame\x64\debug\controller.obj
c:\users\andre\documents\programacion\c++\sandboxgame\sandboxgame\x64\debug\cofre.obj
c:\users\andre\documents\programacion\c++\sandboxgame\sandboxgame\x64\debug\animacion.obj
c:\users\andre\documents\programacion\c++\sandboxgame\x64\debug\sandboxgame.ilk
c:\users\andre\documents\programacion\c++\sandboxgame\x64\debug\sandboxgame.exe
c:\users\andre\documents\programacion\c++\sandboxgame\x64\debug\sandboxgame.pdb
c:\users\andre\documents\programacion\c++\sandboxgame\sandboxgame\x64\debug\sandboxgame.tlog\cl.command.1.tlog
c:\users\andre\documents\programacion\c++\sandboxgame\sandboxgame\x64\debug\sandboxgame.tlog\cl.read.1.tlog
c:\users\andre\documents\programacion\c++\sandboxgame\sandboxgame\x64\debug\sandboxgame.tlog\cl.write.1.tlog
c:\users\andre\documents\programacion\c++\sandboxgame\sandboxgame\x64\debug\sandboxgame.tlog\link.command.1.tlog
c:\users\andre\documents\programacion\c++\sandboxgame\sandboxgame\x64\debug\sandboxgame.tlog\link.read.1.tlog
c:\users\andre\documents\programacion\c++\sandboxgame\sandboxgame\x64\debug\sandboxgame.tlog\link.write.1.tlog
